DEPRECATION WARNING: `to_time` will always preserve the full timezone rather than offset of the receiver in Rails 8.1. To opt in to the new behavior, set `config.active_support.to_time_preserves_timezone = :zone`. (called from <top (required)> at /Users/stevengerhardt-king/Code/laft/backend/config/environment.rb:5)
DEPRECATION WARNING: `to_time` will always preserve the full timezone rather than offset of the receiver in Rails 8.1. To opt in to the new behavior, set `config.active_support.to_time_preserves_timezone = :zone`. (called from <top (required)> at /Users/stevengerhardt-king/Code/laft/backend/config/environment.rb:5)
  [1m[35m (102.1ms)[0m  [1m[35mCREATE DATABASE "laft_development" ENCODING = 'unicode'[0m
DEPRECATION WARNING: `to_time` will always preserve the full timezone rather than offset of the receiver in Rails 8.1. To opt in to the new behavior, set `config.active_support.to_time_preserves_timezone = :zone`. (called from <top (required)> at /Users/stevengerhardt-king/Code/laft/backend/config/environment.rb:5)
DEPRECATION WARNING: `to_time` will always preserve the full timezone rather than offset of the receiver in Rails 8.1. To opt in to the new behavior, set `config.active_support.to_time_preserves_timezone = :zone`. (called from <top (required)> at /Users/stevengerhardt-king/Code/laft/backend/config/environment.rb:5)
  [1m[35mSQL (0.3ms)[0m  [1m[35mSET search_path TO public[0m
  [1m[35m (180.7ms)[0m  [1m[35mCREATE DATABASE "laft_development" ENCODING = 'unicode'[0m
  [1m[35mSQL (0.0ms)[0m  [1m[35mSET search_path TO public[0m
  [1m[35m (58.6ms)[0m  [1m[35mCREATE DATABASE "laft_test" ENCODING = 'unicode'[0m
DEPRECATION WARNING: `to_time` will always preserve the full timezone rather than offset of the receiver in Rails 8.1. To opt in to the new behavior, set `config.active_support.to_time_preserves_timezone = :zone`. (called from <top (required)> at /Users/stevengerhardt-king/Code/laft/backend/config/environment.rb:5)
DEPRECATION WARNING: `to_time` will always preserve the full timezone rather than offset of the receiver in Rails 8.1. To opt in to the new behavior, set `config.active_support.to_time_preserves_timezone = :zone`. (called from <top (required)> at /Users/stevengerhardt-king/Code/laft/backend/config/environment.rb:5)
  [1m[35m (9.4ms)[0m  [1m[35mCREATE TABLE "schema_migrations" ("version" character varying NOT NULL PRIMARY KEY)[0m
  [1m[35m (3.6ms)[0m  [1m[35mCREATE TABLE "ar_internal_metadata" ("key" character varying NOT NULL PRIMARY KEY, "value" character varying, "created_at" timestamp(6) NOT NULL, "updated_at" timestamp(6) NOT NULL)[0m
  [1m[35m (0.1ms)[0m  [1m[34mSELECT pg_try_advisory_lock(3408675332363174475)[0m
  [1m[36mActiveRecord::SchemaMigration Load (1.2ms)[0m  [1m[34mSELECT "schema_migrations"."version" FROM "schema_migrations" ORDER BY "schema_migrations"."version" ASC[0m
  [1m[36mActiveRecord::InternalMetadata Load (1.8ms)[0m  [1m[34mSELECT * FROM "ar_internal_metadata" WHERE "ar_internal_metadata"."key" = $1 ORDER BY "ar_internal_metadata"."key" ASC LIMIT 1[0m  [[nil, "environment"]]
  [1m[36mActiveRecord::InternalMetadata Create (1.2ms)[0m  [1m[32mINSERT INTO "ar_internal_metadata" ("key", "value", "created_at", "updated_at") VALUES ('environment', 'development', '2025-10-14 20:37:01.066951', '2025-10-14 20:37:01.066953') RETURNING "key"[0m
Migrating to CreateUsers (1)
  [1m[36mTRANSACTION (0.1ms)[0m  [1m[35mBEGIN[0m
  [1m[35m (7.5ms)[0m  [1m[35mCREATE TABLE "users" ("id" bigserial primary key, "name" character varying NOT NULL, "email" character varying NOT NULL, "created_at" timestamp(6) NOT NULL, "updated_at" timestamp(6) NOT NULL)[0m
  [1m[35m (0.9ms)[0m  [1m[35mCREATE UNIQUE INDEX "index_users_on_email" ON "users" ("email")[0m
  [1m[36mActiveRecord::SchemaMigration Create (0.2ms)[0m  [1m[32mINSERT INTO "schema_migrations" ("version") VALUES ('1') RETURNING "version"[0m
  [1m[36mTRANSACTION (0.2ms)[0m  [1m[35mCOMMIT[0m
Migrating to CreatePosts (2)
  [1m[36mTRANSACTION (0.2ms)[0m  [1m[35mBEGIN[0m
  [1m[35m (7.9ms)[0m  [1m[35mCREATE TABLE "posts" ("id" bigserial primary key, "title" character varying NOT NULL, "content" text NOT NULL, "user_id" bigint NOT NULL, "created_at" timestamp(6) NOT NULL, "updated_at" timestamp(6) NOT NULL, CONSTRAINT "fk_rails_5b5ddfd518"
FOREIGN KEY ("user_id")
  REFERENCES "users" ("id")
)[0m
  [1m[35m (2.4ms)[0m  [1m[35mCREATE INDEX "index_posts_on_user_id" ON "posts" ("user_id")[0m
  [1m[36mActiveRecord::SchemaMigration Create (0.2ms)[0m  [1m[32mINSERT INTO "schema_migrations" ("version") VALUES ('2') RETURNING "version"[0m
  [1m[36mTRANSACTION (0.4ms)[0m  [1m[35mCOMMIT[0m
  [1m[35m (0.3ms)[0m  [1m[34mSELECT pg_advisory_unlock(3408675332363174475)[0m
  [1m[36mActiveRecord::SchemaMigration Load (0.1ms)[0m  [1m[34mSELECT "schema_migrations"."version" FROM "schema_migrations" ORDER BY "schema_migrations"."version" ASC[0m
DEPRECATION WARNING: `to_time` will always preserve the full timezone rather than offset of the receiver in Rails 8.1. To opt in to the new behavior, set `config.active_support.to_time_preserves_timezone = :zone`. (called from <top (required)> at /Users/stevengerhardt-king/Code/laft/backend/config/environment.rb:5)
DEPRECATION WARNING: `to_time` will always preserve the full timezone rather than offset of the receiver in Rails 8.1. To opt in to the new behavior, set `config.active_support.to_time_preserves_timezone = :zone`. (called from <top (required)> at /Users/stevengerhardt-king/Code/laft/backend/config/environment.rb:5)
  [1m[36mActiveRecord::SchemaMigration Load (0.8ms)[0m  [1m[34mSELECT "schema_migrations"."version" FROM "schema_migrations" ORDER BY "schema_migrations"."version" ASC[0m
DEPRECATION WARNING: `to_time` will always preserve the full timezone rather than offset of the receiver in Rails 8.1. To opt in to the new behavior, set `config.active_support.to_time_preserves_timezone = :zone`. (called from <top (required)> at /Users/stevengerhardt-king/Code/laft/backend/config/environment.rb:5)
DEPRECATION WARNING: `to_time` will always preserve the full timezone rather than offset of the receiver in Rails 8.1. To opt in to the new behavior, set `config.active_support.to_time_preserves_timezone = :zone`. (called from <top (required)> at /Users/stevengerhardt-king/Code/laft/backend/config/environment.rb:5)
  [1m[36mActiveRecord::SchemaMigration Load (1.6ms)[0m  [1m[34mSELECT "schema_migrations"."version" FROM "schema_migrations" ORDER BY "schema_migrations"."version" ASC[0m
  [1m[36mUser Load (1.6ms)[0m  [1m[34mSELECT "users".* FROM "users"[0m
  [1m[36mPost Load (0.9ms)[0m  [1m[34mSELECT "posts".* FROM "posts"[0m
  [1m[36mTRANSACTION (0.1ms)[0m  [1m[35mBEGIN[0m
  [1m[36mUser Exists? (1.1ms)[0m  [1m[34mSELECT 1 AS one FROM "users" WHERE "users"."email" = $1 LIMIT $2[0m  [["email", "john@example.com"], ["LIMIT", 1]]
  [1m[36mUser Create (0.9ms)[0m  [1m[32mINSERT INTO "users" ("name", "email", "created_at", "updated_at") VALUES ($1, $2, $3, $4) RETURNING "id"[0m  [["name", "John Doe"], ["email", "john@example.com"], ["created_at", "2025-10-14 20:37:08.455826"], ["updated_at", "2025-10-14 20:37:08.455826"]]
  [1m[36mTRANSACTION (0.6ms)[0m  [1m[35mCOMMIT[0m
  [1m[36mTRANSACTION (0.1ms)[0m  [1m[35mBEGIN[0m
  [1m[36mUser Exists? (1.0ms)[0m  [1m[34mSELECT 1 AS one FROM "users" WHERE "users"."email" = $1 LIMIT $2[0m  [["email", "jane@example.com"], ["LIMIT", 1]]
  [1m[36mUser Create (0.3ms)[0m  [1m[32mINSERT INTO "users" ("name", "email", "created_at", "updated_at") VALUES ($1, $2, $3, $4) RETURNING "id"[0m  [["name", "Jane Smith"], ["email", "jane@example.com"], ["created_at", "2025-10-14 20:37:08.460367"], ["updated_at", "2025-10-14 20:37:08.460367"]]
  [1m[36mTRANSACTION (0.2ms)[0m  [1m[35mCOMMIT[0m
  [1m[36mTRANSACTION (0.1ms)[0m  [1m[35mBEGIN[0m
  [1m[36mUser Exists? (0.8ms)[0m  [1m[34mSELECT 1 AS one FROM "users" WHERE "users"."email" = $1 LIMIT $2[0m  [["email", "bob@example.com"], ["LIMIT", 1]]
  [1m[36mUser Create (0.1ms)[0m  [1m[32mINSERT INTO "users" ("name", "email", "created_at", "updated_at") VALUES ($1, $2, $3, $4) RETURNING "id"[0m  [["name", "Bob Johnson"], ["email", "bob@example.com"], ["created_at", "2025-10-14 20:37:08.463834"], ["updated_at", "2025-10-14 20:37:08.463834"]]
  [1m[36mTRANSACTION (0.2ms)[0m  [1m[35mCOMMIT[0m
  [1m[36mTRANSACTION (0.1ms)[0m  [1m[35mBEGIN[0m
  [1m[36mPost Create (2.4ms)[0m  [1m[32mINSERT INTO "posts" ("title", "content", "user_id", "created_at", "updated_at") VALUES ($1, $2, $3, $4, $5) RETURNING "id"[0m  [["title", "Welcome to our blog!"], ["content", "This is our first post. We're excited to share our thoughts with you."], ["user_id", 1], ["created_at", "2025-10-14 20:37:08.472138"], ["updated_at", "2025-10-14 20:37:08.472138"]]
  [1m[36mTRANSACTION (0.3ms)[0m  [1m[35mCOMMIT[0m
  [1m[36mTRANSACTION (0.1ms)[0m  [1m[35mBEGIN[0m
  [1m[36mPost Create (1.0ms)[0m  [1m[32mINSERT INTO "posts" ("title", "content", "user_id", "created_at", "updated_at") VALUES ($1, $2, $3, $4, $5) RETURNING "id"[0m  [["title", "Getting Started with Rails"], ["content", "Rails is a powerful web framework for Ruby. Here's how to get started."], ["user_id", 2], ["created_at", "2025-10-14 20:37:08.476038"], ["updated_at", "2025-10-14 20:37:08.476038"]]
  [1m[36mTRANSACTION (0.1ms)[0m  [1m[35mCOMMIT[0m
  [1m[36mTRANSACTION (0.0ms)[0m  [1m[35mBEGIN[0m
  [1m[36mPost Create (0.8ms)[0m  [1m[32mINSERT INTO "posts" ("title", "content", "user_id", "created_at", "updated_at") VALUES ($1, $2, $3, $4, $5) RETURNING "id"[0m  [["title", "Next.js Best Practices"], ["content", "Next.js is a React framework that makes building web applications easier."], ["user_id", 3], ["created_at", "2025-10-14 20:37:08.478299"], ["updated_at", "2025-10-14 20:37:08.478299"]]
  [1m[36mTRANSACTION (0.2ms)[0m  [1m[35mCOMMIT[0m
  [1m[36mTRANSACTION (0.1ms)[0m  [1m[35mBEGIN[0m
  [1m[36mPost Create (0.9ms)[0m  [1m[32mINSERT INTO "posts" ("title", "content", "user_id", "created_at", "updated_at") VALUES ($1, $2, $3, $4, $5) RETURNING "id"[0m  [["title", "Full-Stack Development"], ["content", "Combining Rails and Next.js creates a powerful full-stack application."], ["user_id", 1], ["created_at", "2025-10-14 20:37:08.480675"], ["updated_at", "2025-10-14 20:37:08.480675"]]
  [1m[36mTRANSACTION (0.2ms)[0m  [1m[35mCOMMIT[0m
  [1m[36mTRANSACTION (0.1ms)[0m  [1m[35mBEGIN[0m
  [1m[36mPost Create (0.8ms)[0m  [1m[32mINSERT INTO "posts" ("title", "content", "user_id", "created_at", "updated_at") VALUES ($1, $2, $3, $4, $5) RETURNING "id"[0m  [["title", "API Design"], ["content", "Good API design is crucial for building scalable applications."], ["user_id", 2], ["created_at", "2025-10-14 20:37:08.482853"], ["updated_at", "2025-10-14 20:37:08.482853"]]
  [1m[36mTRANSACTION (0.2ms)[0m  [1m[35mCOMMIT[0m
  [1m[36mUser Count (1.0ms)[0m  [1m[34mSELECT COUNT(*) FROM "users"[0m
  [1m[36mPost Count (0.2ms)[0m  [1m[34mSELECT COUNT(*) FROM "posts"[0m
DEPRECATION WARNING: `to_time` will always preserve the full timezone rather than offset of the receiver in Rails 8.1. To opt in to the new behavior, set `config.active_support.to_time_preserves_timezone = :zone`. (called from <top (required)> at /Users/stevengerhardt-king/Code/laft/backend/config/environment.rb:5)
DEPRECATION WARNING: `to_time` will always preserve the full timezone rather than offset of the receiver in Rails 8.1. To opt in to the new behavior, set `config.active_support.to_time_preserves_timezone = :zone`. (called from <top (required)> at /Users/stevengerhardt-king/Code/laft/backend/config/environment.rb:5)
Started GET "/" for ::1 at 2025-10-14 21:51:34 +0100
  [1m[36mActiveRecord::SchemaMigration Load (1.2ms)[0m  [1m[34mSELECT "schema_migrations"."version" FROM "schema_migrations" ORDER BY "schema_migrations"."version" ASC[0m
Processing by Rails::WelcomeController#index as */*
  Rendering /opt/homebrew/lib/ruby/gems/3.4.0/gems/railties-8.0.3/lib/rails/templates/rails/welcome/index.html.erb
  Rendered /opt/homebrew/lib/ruby/gems/3.4.0/gems/railties-8.0.3/lib/rails/templates/rails/welcome/index.html.erb (Duration: 0.3ms | GC: 0.0ms)
Completed 200 OK in 13ms (Views: 2.3ms | ActiveRecord: 0.0ms (0 queries, 0 cached) | GC: 0.0ms)


Started GET "/api/v1/posts" for 127.0.0.1 at 2025-10-14 21:51:40 +0100
Started GET "/api/v1/users" for 127.0.0.1 at 2025-10-14 21:51:40 +0100
  
NoMethodError (undefined method 'protect_from_forgery' for class ApplicationController):
  
app/controllers/application_controller.rb:3:in '<class:ApplicationController>'
app/controllers/application_controller.rb:1:in '<top (required)>'
app/controllers/api/v1/posts_controller.rb:1:in '<top (required)>'
  
NoMethodError (undefined method 'protect_from_forgery' for class ApplicationController):
  
app/controllers/application_controller.rb:3:in '<class:ApplicationController>'
app/controllers/application_controller.rb:1:in '<top (required)>'
app/controllers/api/v1/users_controller.rb:1:in '<top (required)>'
Started GET "/api/v1/posts" for ::1 at 2025-10-14 21:52:29 +0100
Processing by Api::V1::PostsController#index as */*
  [1m[36mPost Load (15.4ms)[0m  [1m[34mSELECT "posts".* FROM "posts"[0m
  ↳ app/controllers/api/v1/posts_controller.rb:7:in 'Api::V1::PostsController#index'
  [1m[36mUser Load (0.9ms)[0m  [1m[34mSELECT "users".* FROM "users" WHERE "users"."id" IN ($1, $2, $3)[0m  [["id", 1], ["id", 2], ["id", 3]]
  ↳ app/controllers/api/v1/posts_controller.rb:7:in 'Api::V1::PostsController#index'
Completed 200 OK in 63ms (Views: 11.3ms | ActiveRecord: 38.2ms (2 queries, 0 cached) | GC: 2.5ms)


Started GET "/api/v1/users" for ::1 at 2025-10-14 21:52:30 +0100
Processing by Api::V1::UsersController#index as */*
  [1m[36mUser Load (0.5ms)[0m  [1m[34mSELECT "users".* FROM "users"[0m
  ↳ app/controllers/api/v1/users_controller.rb:7:in 'Api::V1::UsersController#index'
Completed 200 OK in 1ms (Views: 0.7ms | ActiveRecord: 0.5ms (1 query, 0 cached) | GC: 0.0ms)


Started GET "/api/v1/users" for 127.0.0.1 at 2025-10-14 21:52:35 +0100
Started GET "/api/v1/posts" for 127.0.0.1 at 2025-10-14 21:52:35 +0100
Processing by Api::V1::UsersController#index as */*
  Parameters: {"user" => {}}
Processing by Api::V1::PostsController#index as */*
  Parameters: {"post" => {}}
  [1m[36mPost Load (0.1ms)[0m  [1m[34mSELECT "posts".* FROM "posts"[0m
  ↳ app/controllers/api/v1/posts_controller.rb:7:in 'Api::V1::PostsController#index'
  [1m[36mUser Load (1.1ms)[0m  [1m[34mSELECT "users".* FROM "users" WHERE "users"."id" IN ($1, $2, $3)[0m  [["id", 1], ["id", 2], ["id", 3]]
  ↳ app/controllers/api/v1/posts_controller.rb:7:in 'Api::V1::PostsController#index'
Completed 200 OK in 12ms (Views: 6.8ms | ActiveRecord: 6.6ms (2 queries, 0 cached) | GC: 0.0ms)


  [1m[36mUser Load (18.5ms)[0m  [1m[34mSELECT "users".* FROM "users"[0m
  ↳ app/controllers/api/v1/users_controller.rb:7:in 'Api::V1::UsersController#index'
Completed 200 OK in 20ms (Views: -6.5ms | ActiveRecord: 31.9ms (1 query, 0 cached) | GC: 0.0ms)


